2026-07-19 10:19:10,540 [INFO] WebApp:194 - Connection lost
2026-07-19 10:19:30,033 [INFO] WebApp:191 - Connection restablished
2026-07-19 10:19:34,901 [INFO] WebApp:194 - Connection lost
2026-07-19 10:19:40,162 [INFO] WebApp:191 - Connection restablished
2026-07-19 10:21:29,821 [INFO] WebApp:194 - Connection lost
2026-07-19 10:21:30,346 [INFO] WebApp:191 - Connection restablished
2026-07-19 10:34:53,731 [INFO] WebApp:194 - Connection lost
2026-07-19 10:34:54,338 [INFO] WebApp:191 - Connection restablished
2026-07-19 10:36:59,996 [INFO] WebApp:194 - Connection lost
2026-07-19 10:37:00,225 [INFO] WebApp:191 - Connection restablished
2026-07-19 10:37:53,006 [INFO] WebApp:194 - Connection lost
2026-07-19 10:37:53,247 [INFO] WebApp:191 - Connection restablished
2026-07-19 10:40:38,734 [INFO] WebApp:194 - Connection lost
2026-07-19 10:40:39,201 [INFO] WebApp:191 - Connection restablished
2026-07-19 10:44:45,657 [INFO] WebApp:194 - Connection lost
2026-07-19 10:44:46,363 [INFO] WebApp:191 - Connection restablished
2026-07-19 10:47:46,581 [INFO] WebApp:194 - Connection lost
2026-07-19 10:47:46,925 [INFO] WebApp:191 - Connection restablished
2026-07-19 10:49:53,028 [INFO] WebApp:194 - Connection lost
2026-07-19 10:49:53,311 [INFO] WebApp:191 - Connection restablished
2026-07-19 10:50:09,994 [INFO] WebApp:194 - Connection lost
2026-07-19 10:50:10,173 [INFO] WebApp:191 - Connection restablished
2026-07-19 11:00:52,224 [INFO] WebApp:194 - Connection lost
2026-07-19 11:00:52,730 [INFO] WebApp:191 - Connection restablished
2026-07-19 11:02:50,506 [INFO] WebApp:194 - Connection lost
2026-07-19 11:02:50,715 [INFO] WebApp:191 - Connection restablished
2026-07-19 11:15:18,206 [INFO] WebApp:194 - Connection lost
2026-07-19 11:15:18,761 [INFO] WebApp:191 - Connection restablished
2026-07-19 11:15:52,000 [INFO] WebApp:194 - Connection lost
2026-07-19 11:15:52,196 [INFO] WebApp:191 - Connection restablished
2026-07-19 11:42:32,217 [INFO] WebApp:194 - Connection lost
2026-07-19 11:42:32,776 [INFO] WebApp:191 - Connection restablished
2026-07-19 11:44:03,000 [INFO] WebApp:194 - Connection lost
2026-07-19 11:44:03,225 [INFO] WebApp:191 - Connection restablished
2026-07-19 11:45:08,474 [INFO] WebApp:194 - Connection lost
2026-07-19 11:45:09,722 [INFO] WebApp:191 - Connection restablished
2026-07-19 11:59:06,214 [INFO] WebApp:194 - Connection lost
2026-07-19 11:59:11,640 [INFO] WebApp:191 - Connection restablished
2026-07-19 11:59:14,982 [INFO] WebApp:194 - Connection lost
2026-07-19 11:59:15,161 [INFO] WebApp:191 - Connection restablished
2026-07-19 12:00:15,501 [INFO] WebApp:194 - Connection lost
2026-07-19 12:00:15,790 [INFO] WebApp:191 - Connection restablished
2026-07-19 12:07:46,094 [INFO] WebApp:194 - Connection lost
2026-07-19 12:07:46,405 [INFO] WebApp:191 - Connection restablished
2026-07-19 12:08:03,989 [INFO] WebApp:194 - Connection lost
2026-07-19 12:08:04,204 [INFO] WebApp:191 - Connection restablished
2026-07-19 12:08:19,001 [INFO] ServerAccessManage:452 - Complete download http(s) 200
2026-07-19 12:08:19,028 [INFO] ServerAccessManage:509 - Download File updaters.zip
2026-07-19 12:08:19,900 [INFO] FileExtend:248 - Unzip File : updaters.zip
2026-07-19 12:08:19,904 [INFO] FileExtend:263 - Standard Zip Deflate
2026-07-19 12:08:23,883 [INFO] ServerAccessManage:452 - Complete download http(s) 200
2026-07-19 12:08:23,888 [INFO] ServerAccessManage:509 - Download File PacksControlFlags.xml
2026-07-19 12:08:24,223 [INFO] ServerAccessManage:452 - Complete download http(s) 200
2026-07-19 12:08:24,224 [INFO] ServerAccessManage:509 - Download File cubemx.pidx
2026-07-19 12:08:24,485 [INFO] ThirdPartyModel:298 - Start build external matchings
2026-07-19 12:08:26,236 [INFO] CheckServerUpdateThread:120 - End of CheckServer Thread
2026-07-19 12:08:32,751 [INFO] ThirdPartyModel:316 - End build external matchings
2026-07-19 12:08:32,836 [INFO] LoadServerUpdatesThread:375 - End of LoadServerUpdate Thread
2026-07-19 12:10:00,031 [INFO] WebApp:194 - Connection lost
2026-07-19 12:10:00,453 [INFO] WebApp:191 - Connection restablished
2026-07-19 12:10:24,996 [INFO] WebApp:194 - Connection lost
2026-07-19 12:10:25,180 [INFO] WebApp:191 - Connection restablished
2026-07-19 12:17:26,693 [INFO] WebApp:194 - Connection lost
2026-07-19 12:17:27,053 [INFO] WebApp:191 - Connection restablished
2026-07-19 12:22:38,845 [INFO] WebApp:194 - Connection lost
2026-07-19 12:22:39,454 [INFO] WebApp:191 - Connection restablished
2026-07-19 13:28:50,547 [INFO] WebApp:194 - Connection lost
2026-07-19 13:28:51,322 [INFO] WebApp:191 - Connection restablished
2026-07-19 13:36:38,261 [INFO] WebApp:194 - Connection lost
2026-07-19 13:36:38,692 [INFO] WebApp:191 - Connection restablished
2026-07-19 13:41:46,187 [INFO] WebApp:194 - Connection lost
2026-07-19 13:41:46,830 [INFO] WebApp:191 - Connection restablished
2026-07-19 13:50:28,711 [INFO] WebApp:194 - Connection lost
2026-07-19 13:50:29,156 [INFO] WebApp:191 - Connection restablished
2026-07-19 13:50:35,499 [INFO] WebApp:194 - Connection lost
2026-07-19 13:50:35,670 [INFO] WebApp:191 - Connection restablished
2026-07-19 13:59:26,750 [INFO] WebApp:194 - Connection lost
2026-07-19 13:59:27,312 [INFO] WebApp:191 - Connection restablished
2026-07-19 14:16:13,251 [INFO] WebApp:194 - Connection lost
2026-07-19 14:16:13,693 [INFO] WebApp:191 - Connection restablished
2026-07-19 14:25:51,041 [INFO] WebApp:194 - Connection lost
2026-07-19 14:25:52,369 [INFO] WebApp:191 - Connection restablished
